                   R 4/28 Spring fling
               B 4/28 Spring fling
           R 4/28 Spring fling
                   R 11/12 Dinner at jacks
               B 11/12 Mom & dad’s Anniversary
       B 11/12 Dinner at jacks
           B 11/12 Mom & dad’s Anniversary
   B 11/12 Dinner at jacks
               R 11/12 Mom & dad’s Anniversary
           B 04/01 April Fool’s Day
               R 04/01 April Fool’s Day
       B 04/01 April Fool’s Day
                   R 03/14 Jen’s birthday
               B 03/14 Jen’s birthday
           R 03/14 Jen’s birthday
                   R 01/20 School Starts
               B 01/20 School Starts
                   R 01/20 School Starts
       R nil nil
   B nil nil
       R nil nil
   B nil nil
                   R 65 75
               B 55 55
                   R 45 45
           R 44 44
               B 35 35
       B 25 25
               B 20 20
                   R 100 11
           R 02 02
                   R 01 01
               B 01 01
                   R 01 01
   B 01 01
           B 01 03
       B 01 02
           B 01 01
01 01
01 03
01 02
01 01
01 01
01 01
01 01
01 01
01 03
01 02
01 01
01 01
01 01
01 01
01 01
01 33
01 01
01 01
01 01
                       R something something 
                   B 99 99
                       R 65 75
               R 55 55
                   B 45 45
           B 44 44
                   R 35 35
               B 35 35
                   R 33 33
       B 25 25
                   B 20 20
               B 100 100
                       B 100 11
                           R 07 07
                   R 06 06
                       B 05 05
           R 05 05
                   B 02 02
               B 02 02
                   B 02 02
   B 02 02
                           R 01 01
                       B 01 01
                   R 01 01
                       B 01 01
               B 01 01
                       B 01 01
                   R 01 01
                       B 01 01
           R 01 01
                   B 01 01
               B 01 01
                   B 01 33
       B 01 01
                   B 01 01
               B 01 01
                   B 01 01
           R 01 01
                   B 01 03
               B 01 02
                   B 01 01
                       B something something 
                   B 99 99
                               R 65 75
                           B 65 75
                               R 65 75
                       R 65 75
                           B 65 75
               R 65 75
                           R 55 55
                       B 55 55
                           R 55 55
                   B 55 55
                       B 55 55
           B 55 55
                           B 45 45
                               R 44 44
                       R 44 44
                           B 44 44
                   B 44 44
                           B 44 44
                       R 44 44
                               R 35 35
                           B 35 35
                               R 33 33
               R 25 25
                       B 20 20
                   B 100 100
                       B 100 11
                           R 07 07
       R 06 06
                               R 05 05
                           B 05 05
                               R 05 05
                       R 05 05
                           B 05 05
                   B 05 05
                           B 05 05
                       R 05 05
                           B 05 05
               R 05 05
                       B 05 05
                   B 05 05
                       B 05 05
           B 05 05
                       B 05 05
                   B 05 05
                       B 05 05
               R 05 05
                       B 05 05
                   B 05 05
                       B 05 05
   B 05 05
                   B 05 05
               B 05 05
                   B 05 05
           B 05 05
                   B 02 02
               B 02 02
                   B 02 02
       R 02 02
                               R 01 01
                           B 01 01
                       R 01 01
                           B 01 01
                   B 01 01
                           B 01 01
                       R 01 01
                           B 01 01
               R 01 01
                       B 01 01
                   B 01 01
                       B 01 33
           B 01 01
                       B 01 01
                   B 01 01
                       B 01 01
               R 01 01
                       B 01 03
                   B 01 02
                       B 01 01
44 44
44 44
44 44
44 44
44 44
44 44
                       B something something 
                   B 99 99
                               R 65 75
                           B 65 75
                               R 65 75
                       R 65 75
                           B 65 75
               R 65 75
                           R 55 55
                       B 55 55
                           R 55 55
                   B 55 55
                       B 55 55
           B 55 55
                           B 45 45
                               R 44 44
                       R 44 44
                           B 44 44
                   B 44 44
                           B 44 44
                       R 44 44
                               R 35 35
                           B 35 35
                               R 33 33
               R 25 25
                       B 20 20
                   B 100 100
                       B 100 11
                           R 07 07
       R 06 06
                               R 05 05
                           B 05 05
                               R 05 05
                       R 05 05
                           B 05 05
                   B 05 05
                           B 05 05
                       R 05 05
                           B 05 05
               R 05 05
                       B 05 05
                   B 05 05
                       B 05 05
           B 05 05
                       B 05 05
                   B 05 05
                       B 05 05
               R 05 05
                       B 05 05
                   B 05 05
                       B 05 05
   B 05 05
                   B 05 05
               B 05 05
                   B 05 05
           B 05 05
                   B 02 02
               B 02 02
                   B 02 02
       R 02 02
                               R 01 01
                           B 01 01
                       R 01 01
                           B 01 01
                   B 01 01
                           B 01 01
                       R 01 01
                           B 01 01
               R 01 01
                       B 01 01
                   B 01 01
                       B 01 33
           B 01 01
                       B 01 01
                   B 01 01
                       B 01 01
               R 01 01
                       B 01 03
                   B 01 02
                       B 01 01
                       B something something 
                           R district district
                   B 99 99
                               R 65 75
                           B 65 75
                               R 65 75
                       R 65 75
                           B 65 75
               R 65 75
                           R 55 55
                       B 55 55
                           R 55 55
                   B 55 55
                       B 55 55
           B 55 55
                           B 45 45
                               R 44 44
                       R 44 44
                           B 44 44
                   B 44 44
                           B 44 44
                       R 44 44
                               R 35 35
                           B 35 35
                               R 33 33
               R 25 25
                       B 20 20
                   B 100 100
                       B 100 11
                           R 07 07
       B 06 06
                               R 05 05
                           B 05 05
                               R 05 05
                       R 05 05
                           B 05 05
                   B 05 05
                           B 05 05
                       R 05 05
                           B 05 05
               R 05 05
                       B 05 05
                   B 05 05
                       B 05 05
           B 05 05
                       B 05 05
                   B 05 05
                       B 05 05
               R 05 05
                       B 05 05
                   B 05 05
                       B 05 05
   B 05 05
                       B 05 05
                   B 05 05
                       B 05 05
               B 05 05
                       B 02 02
                   B 02 02
                       B 02 02
           B 02 02
                                       R 01 01
                                   B 01 01
                                       R 01 01
                               R 01 01
                                   B 01 01
                           B 01 01
                                   B 01 01
                               R 01 01
                                   B 01 01
                       R 01 01
                               B 01 01
                           B 01 01
                               B 01 01
                   B 01 01
                           B 01 01
                       B 01 01
                           B 01 01
               R 01 01
                           B 01 01
                       B 01 01
                           B 01 01
                   B 01 01
                           B 01 01
                       B 01 01
                           B 01 01
       R 01 01
                       B 01 01
                   B 01 01
                       B 01 01
               B 01 01
                       B 01 01
                   B 01 01
                       B 01 33
           B 01 01
                       B 01 01
                   B 01 01
                       B 01 01
               B 01 01
                       B 01 03
                   B 01 02
                       B 01 01
                       B something something 
                           R district district
                   B 99 99
                               R 65 75
                           B 65 75
                               R 65 75
                       R 65 75
                           B 65 75
               R 65 75
                           R 55 55
                       B 55 55
                           R 55 55
                   B 55 55
                       B 55 55
           B 55 55
                       B 45 45
                   B 35 35
                       B 35 35
                           R 33 33
               R 25 25
                       B 20 20
                   B 100 100
                       B 100 11
                           R 07 07
       B 06 06
                               R 05 05
                           B 05 05
                               R 05 05
                       R 05 05
                           B 05 05
                   B 05 05
                           B 05 05
                       R 05 05
                           B 05 05
               R 05 05
                       B 05 05
                   B 05 05
                       B 05 05
           B 05 05
                       B 05 05
                   B 05 05
                       B 05 05
               R 05 05
                       B 05 05
                   B 05 05
                       B 05 05
   B 05 05
                       B 05 05
                   B 05 05
                       B 05 05
               B 05 05
                       B 02 02
                   B 02 02
                       B 02 02
           B 02 02
                                       R 01 01
                                   B 01 01
                                       R 01 01
                               R 01 01
                                   B 01 01
                           B 01 01
                                   B 01 01
                               R 01 01
                                   B 01 01
                       R 01 01
                               B 01 01
                           B 01 01
                               B 01 01
                   B 01 01
                           B 01 01
                       B 01 01
                           B 01 01
               R 01 01
                           B 01 01
                       B 01 01
                           B 01 01
                   B 01 01
                           B 01 01
                       B 01 01
                           B 01 01
       R 01 01
                       B 01 01
                   B 01 01
                       B 01 01
               B 01 01
                       B 01 01
                   B 01 01
                       B 01 33
           B 01 01
                       B 01 01
                   B 01 01
                       B 01 01
               B 01 01
                       B 01 03
                   B 01 02
                       B 01 01
                       B something something 
                           R district district
                   R 99 99
                           R 65 75
                       B 65 75
                           R 65 75
               B 65 75
                       R 65 75
                   B 65 75
           B 45 45
                       B 35 35
                   B 35 35
                       B 33 33
               R 25 25
                       B 20 20
                   B 100 100
                       B 100 11
                           R 07 07
       B 06 06
                               R 05 05
                           B 05 05
                               R 05 05
                       R 05 05
                           B 05 05
                   B 05 05
                           B 05 05
                       R 05 05
                           B 05 05
               R 05 05
                       B 05 05
                   B 05 05
                       B 05 05
           B 05 05
                       B 05 05
                   B 05 05
                       B 05 05
               R 05 05
                       B 05 05
                   B 05 05
                       B 05 05
   B 05 05
                       B 05 05
                   B 05 05
                       B 05 05
               B 05 05
                       B 02 02
                   B 02 02
                       B 02 02
           B 02 02
                                       R 01 01
                                   B 01 01
                                       R 01 01
                               R 01 01
                                   B 01 01
                           B 01 01
                                   B 01 01
                               R 01 01
                                   B 01 01
                       R 01 01
                               B 01 01
                           B 01 01
                               B 01 01
                   B 01 01
                           B 01 01
                       B 01 01
                           B 01 01
               R 01 01
                           B 01 01
                       B 01 01
                           B 01 01
                   B 01 01
                           B 01 01
                       B 01 01
                           B 01 01
       R 01 01
                       B 01 01
                   B 01 01
                       B 01 01
               B 01 01
                       B 01 01
                   B 01 01
                       B 01 33
           B 01 01
                       B 01 01
                   B 01 01
                       B 01 01
               B 01 01
                       B 01 03
                   B 01 02
                       B 01 01
                   B something something 
               B district district
                   B 99 99
           B 45 45
                       B 35 35
                   B 35 35
                       B 33 33
               R 25 25
                       B 20 20
                   B 100 100
                       B 100 11
                           R 07 07
       B 06 06
                               R 05 05
                           B 05 05
                               R 05 05
                       R 05 05
                           B 05 05
                   B 05 05
                           B 05 05
                       R 05 05
                           B 05 05
               R 05 05
                       B 05 05
                   B 05 05
                       B 05 05
           B 05 05
                       B 05 05
                   B 05 05
                       B 05 05
               R 05 05
                       B 05 05
                   B 05 05
                       B 05 05
   B 05 05
                       B 05 05
                   B 05 05
                       B 05 05
               B 05 05
                       B 02 02
                   B 02 02
                       B 02 02
           B 02 02
                                       R 01 01
                                   B 01 01
                                       R 01 01
                               R 01 01
                                   B 01 01
                           B 01 01
                                   B 01 01
                               R 01 01
                                   B 01 01
                       R 01 01
                               B 01 01
                           B 01 01
                               B 01 01
                   B 01 01
                           B 01 01
                       B 01 01
                           B 01 01
               R 01 01
                           B 01 01
                       B 01 01
                           B 01 01
                   B 01 01
                           B 01 01
                       B 01 01
                           B 01 01
       R 01 01
                       B 01 01
                   B 01 01
                       B 01 01
               B 01 01
                       B 01 01
                   B 01 01
                       B 01 33
           B 01 01
                       B 01 01
                   B 01 01
                       B 01 01
               B 01 01
                       B 01 03
                   B 01 02
                       B 01 01
                   B something something 
               B district district
                   B 99 99
           B 45 45
                       B 35 35
                   B 35 35
                       B 33 33
               R 25 25
                       B 20 20
                   B 100 100
                       B 100 11
                           R 07 07
       R 06 06
                               R 05 05
                           B 05 05
                               R 05 05
                       R 05 05
                           B 05 05
                   B 05 05
                           B 05 05
                       R 05 05
                           B 05 05
               R 05 05
                       B 05 05
                   B 05 05
                       B 05 05
           B 05 05
                       B 05 05
                   B 05 05
                       B 05 05
               R 05 05
                       B 05 05
                   B 05 05
                       B 05 05
   B 05 05
                   B 05 05
               B 05 05
                   B 05 05
           R 05 05
                   B 02 02
               B 02 02
                   B 02 02
       B 02 02
               B 01 33
           B 01 03
               B 01 02
